<testng-results>
  <reporter-output>
  </reporter-output>
  <suite name="Surefire suite" duration-ms="3038" started-at="2016-08-26T00:43:25Z" finished-at="2016-08-26T00:43:28Z">
    <groups>
    </groups>
    <test name="Surefire test" duration-ms="3038" started-at="2016-08-26T00:43:25Z" finished-at="2016-08-26T00:43:28Z">
      <class name="ticketService.TicketServiceUtilTest">
        <test-method status="PASS" signature="test()" name="test on instance test(ticketService.TicketServiceUtilTest)" duration-ms="1" started-at="2016-08-26T00:43:28Z" finished-at="2016-08-26T00:43:28Z">
        </test-method>
        <test-method status="PASS" signature="testGetAllLevels()" name="testGetAllLevels on instance testGetAllLevels(ticketService.TicketServiceUtilTest)" duration-ms="138" started-at="2016-08-26T00:43:28Z" finished-at="2016-08-26T00:43:28Z">
        </test-method>
      </class>
      <class name="TicketServiceDAOTest">
        <test-method status="PASS" signature="testBestSeatsInLevel()" name="testBestSeatsInLevel on instance testBestSeatsInLevel(TicketServiceDAOTest)" duration-ms="62" started-at="2016-08-26T00:43:28Z" finished-at="2016-08-26T00:43:28Z">
        </test-method>
        <test-method status="PASS" signature="testCreateNewSeatHold()" name="testCreateNewSeatHold on instance testCreateNewSeatHold(TicketServiceDAOTest)" duration-ms="72" started-at="2016-08-26T00:43:28Z" finished-at="2016-08-26T00:43:28Z">
        </test-method>
        <test-method status="PASS" signature="testReserveHoldTickets()" name="testReserveHoldTickets on instance testReserveHoldTickets(TicketServiceDAOTest)" duration-ms="110" started-at="2016-08-26T00:43:28Z" finished-at="2016-08-26T00:43:28Z">
        </test-method>
        <test-method status="PASS" signature="testfindSeatHold()" name="testfindSeatHold on instance testfindSeatHold(TicketServiceDAOTest)" duration-ms="62" started-at="2016-08-26T00:43:28Z" finished-at="2016-08-26T00:43:28Z">
        </test-method>
      </class>
      <class name="ticketService.TicketServiceImplTests">
        <test-method status="PASS" signature="testNumSeatsAvailableValidTest()" name="testNumSeatsAvailableValidTest on instance testNumSeatsAvailableValidTest(ticketService.TicketServiceImplTests)" duration-ms="227" started-at="2016-08-26T00:43:25Z" finished-at="2016-08-26T00:43:26Z">
        </test-method>
        <test-method status="PASS" signature="testNumSeatsAvailableInvalid()" name="testNumSeatsAvailableInvalid on instance testNumSeatsAvailableInvalid(ticketService.TicketServiceImplTests)" duration-ms="6" started-at="2016-08-26T00:43:26Z" finished-at="2016-08-26T00:43:26Z">
        </test-method>
        <test-method status="PASS" signature="testInvalidHoldReserveRequestResponse()" name="testInvalidHoldReserveRequestResponse on instance testInvalidHoldReserveRequestResponse(ticketService.TicketServiceImplTests)" duration-ms="1372" started-at="2016-08-26T00:43:26Z" finished-at="2016-08-26T00:43:27Z">
        </test-method>
        <test-method status="PASS" signature="testReserveSeats()" name="testReserveSeats on instance testReserveSeats(ticketService.TicketServiceImplTests)" duration-ms="205" started-at="2016-08-26T00:43:27Z" finished-at="2016-08-26T00:43:27Z">
        </test-method>
        <test-method status="PASS" signature="testfindAndHoldSeats()" name="testfindAndHoldSeats on instance testfindAndHoldSeats(ticketService.TicketServiceImplTests)" duration-ms="337" started-at="2016-08-26T00:43:27Z" finished-at="2016-08-26T00:43:28Z">
        </test-method>
        <test-method status="PASS" signature="testVerifyHoldStatus()" name="testVerifyHoldStatus on instance testVerifyHoldStatus(ticketService.TicketServiceImplTests)" duration-ms="208" started-at="2016-08-26T00:43:28Z" finished-at="2016-08-26T00:43:28Z">
        </test-method>
        <test-method status="PASS" signature="testUniqueSeatHoldID()" name="testUniqueSeatHoldID on instance testUniqueSeatHoldID(ticketService.TicketServiceImplTests)" duration-ms="211" started-at="2016-08-26T00:43:28Z" finished-at="2016-08-26T00:43:28Z">
        </test-method>
      </class>
    </test>
  </suite>
</testng-results>
